<?xml version="1.0" encoding="UTF-8"?>
<!-- Generated by org.testng.reporters.JUnitXMLReporter -->
<testsuite ignored="0" hostname="Asus" failures="0" tests="2" name="Error Validations Test" time="35.07" errors="0" timestamp="2025-02-24T22:49:00 IST">
  <testcase classname="akkiFrameworks.tests.ErrorValidationsTest" name="LoginErrorValidation" time="0.656"/>
  <testcase classname="akkiFrameworks.tests.ErrorValidationsTest" name="ProductErrorValidation" time="23.702"/>
</testsuite> <!-- Error Validations Test -->
