<?xml version="1.0" encoding="UTF-8"?>
<!-- Generated by org.testng.reporters.JUnitXMLReporter -->
<testsuite ignored="0" hostname="Asus" failures="0" tests="2" name="Error Validation" time="25.274" errors="0" timestamp="2025-02-19T00:49:23 IST">
  <testcase classname="akkiFrameworks.tests.ErrorValidationsTest" name="LoginErrorValidation" time="0.544"/>
  <testcase classname="akkiFrameworks.tests.ErrorValidationsTest" name="ProductErrorValidation" time="13.855"/>
</testsuite> <!-- Error Validation -->
