<?xml version="1.0" encoding="UTF-8"?>
<!-- Generated by org.testng.reporters.JUnitXMLReporter -->
<testsuite ignored="0" hostname="Asus" failures="0" tests="3" name="Stand Alone Test" time="50.859" errors="0" timestamp="2025-02-28T22:01:32 IST">
  <testcase classname="akkiFrameworks.tests.SubmitOrderTest" name="submitOrder" time="15.175"/>
  <testcase classname="akkiFrameworks.tests.SubmitOrderTest" name="submitOrder" time="15.669"/>
  <testcase classname="akkiFrameworks.tests.SubmitOrderTest" name="OrderHistoryTest" time="1.443"/>
</testsuite> <!-- Stand Alone Test -->
