<?xml version="1.0" encoding="UTF-8"?>
<!-- Generated by org.testng.reporters.JUnitXMLReporter -->
<testsuite ignored="1" hostname="Asus" failures="0" tests="2" name="Submit Order Test" time="38.911" errors="0" timestamp="2025-02-28T17:13:57 IST">
  <testcase classname="akkiFrameworks.tests.SubmitOrderTest" name="submitOrder" time="15.207"/>
  <testcase classname="akkiFrameworks.tests.SubmitOrderTest" name="submitOrder" time="15.042"/>
  <testcase classname="akkiFrameworks.tests.SubmitOrderTest" name="OrderHistoryTest" time="0.0">
    <ignored/>
  </testcase> <!-- OrderHistoryTest -->
</testsuite> <!-- Submit Order Test -->
