<?xml version="1.0" encoding="UTF-8"?>
<!-- Generated by org.testng.reporters.JUnitXMLReporter -->
<testsuite ignored="0" hostname="Asus" failures="0" tests="3" name="Stand Alone Test" time="103.988" errors="0" timestamp="2025-02-28T22:13:41 IST">
  <testcase classname="akkiFrameworks.tests.SubmitOrderTest" name="submitOrder" time="15.442"/>
  <testcase classname="akkiFrameworks.tests.SubmitOrderTest" name="submitOrder" time="15.112"/>
  <testcase classname="akkiFrameworks.tests.SubmitOrderTest" name="OrderHistoryTest" time="0.981"/>
</testsuite> <!-- Stand Alone Test -->
