<?xml version="1.0" encoding="UTF-8"?>
<testng-results ignored="0" total="0" passed="0" failed="0" skipped="0">
  <reporter-output>
  </reporter-output>
  <suite started-at="2025-02-28T22:31:45 IST" name="Suite" finished-at="2025-02-28T22:31:45 IST" duration-ms="0">
    <groups>
      <group name="Purchase">
        <method signature="SubmitOrderTest.submitOrder(java.util.HashMap)[pri:0, instance:akkiFrameworks.tests.SubmitOrderTest@2a8448fa]" name="submitOrder" class="akkiFrameworks.tests.SubmitOrderTest"/>
      </group> <!-- Purchase -->
    </groups>
  </suite> <!-- Suite -->
</testng-results>
